<?xml version="1.0" encoding="UTF-8"?>
<!-- Generated by org.testng.reporters.JUnitReportReporter -->
<testsuite hostname="TYSS-Basavaraj" failures="0" tests="1" name="com.comcast.crm.orgtest.CreateOrgTest" time="22.119" errors="0" timestamp="2024-05-20T15:28:16 IST" skipped="0">
  <testcase classname="com.comcast.crm.orgtest.CreateOrgTest" name="createOrg" time="22.119"/>
</testsuite> <!-- com.comcast.crm.orgtest.CreateOrgTest -->
