<?xml version="1.0" encoding="UTF-8"?>
<!-- Generated by org.testng.reporters.JUnitReportReporter -->
<testsuite hostname="TYSS-Basavaraj" failures="0" tests="1" name="practice.test.SampleTest" time="16.194" errors="0" timestamp="2024-05-15T13:33:55 IST" skipped="0">
  <testcase classname="practice.test.SampleTest" name="test" time="16.194"/>
</testsuite> <!-- practice.test.SampleTest -->
