<?xml version="1.0" encoding="UTF-8"?>
<!-- Generated by org.testng.reporters.JUnitReportReporter -->
<testsuite hostname="TYSS-Basavaraj" failures="0" tests="3" name="practice.test.DataProviderPracticeTest" time="0.014" errors="0" timestamp="2024-05-11T10:08:14 IST" skipped="0">
  <testcase classname="practice.test.DataProviderPracticeTest" name="dptest" time="0.003"/>
  <testcase classname="practice.test.DataProviderPracticeTest" name="dptest" time="0.002"/>
  <testcase classname="practice.test.DataProviderPracticeTest" name="dptest" time="0.009"/>
</testsuite> <!-- practice.test.DataProviderPracticeTest -->
