<?xml version="1.0" encoding="UTF-8"?>
<!-- Generated by org.testng.reporters.JUnitReportReporter -->
<testsuite hostname="TYSS-Basavaraj" failures="0" tests="3" name="com.comcast.crm.orgtest.CreateOrgTest" time="63.200" errors="0" timestamp="2024-05-16T17:17:07 IST" skipped="0">
  <testcase classname="com.comcast.crm.orgtest.CreateOrgTest" name="createOrg" time="20.636"/>
  <testcase classname="com.comcast.crm.orgtest.CreateOrgTest" name="createOrgWithPhoneNumber" time="19.979"/>
  <testcase classname="com.comcast.crm.orgtest.CreateOrgTest" name="createOrgWithIndustryAndType" time="22.585"/>
</testsuite> <!-- com.comcast.crm.orgtest.CreateOrgTest -->
