<<<<<<< HEAD
<?xml version="1.0" encoding="UTF-8"?>
<!-- Generated by org.testng.reporters.JUnitReportReporter -->
<testsuite hostname="TYSS-Basavaraj" failures="0" tests="1" name="com.comcast.crm.orgtest.DeleteOrgTest" time="32.750" errors="0" timestamp="2024-05-10T10:25:29 IST" skipped="0">
  <testcase classname="com.comcast.crm.orgtest.DeleteOrgTest" name="DeleteOrg" time="32.750"/>
</testsuite> <!-- com.comcast.crm.orgtest.DeleteOrgTest -->
=======
<?xml version="1.0" encoding="UTF-8"?>
<!-- Generated by org.testng.reporters.JUnitReportReporter -->
<testsuite hostname="TYSS-Basavaraj" failures="0" tests="1" name="com.comcast.crm.orgtest.DeleteOrgTest" time="32.750" errors="0" timestamp="2024-05-10T10:25:29 IST" skipped="0">
  <testcase classname="com.comcast.crm.orgtest.DeleteOrgTest" name="DeleteOrg" time="32.750"/>
</testsuite> <!-- com.comcast.crm.orgtest.DeleteOrgTest -->
>>>>>>> branch 'master' of https://github.com/Basavaraj-A-Patil/ComcastFrameworkRepository
