<?xml version="1.0" encoding="UTF-8"?>
<!-- Generated by org.testng.reporters.JUnitReportReporter -->
<testsuite hostname="TYSS-Basavaraj" failures="0" tests="1" name="com.comcast.crm.contacttest.CreateContactWithOrgTest" time="14.473" errors="0" timestamp="2024-05-09T11:22:28 IST" skipped="0">
  <testcase classname="com.comcast.crm.contacttest.CreateContactWithOrgTest" name="createContactWithOrg" time="14.473"/>
</testsuite> <!-- com.comcast.crm.contacttest.CreateContactWithOrgTest -->
