<?xml version="1.0" encoding="UTF-8"?>
<!-- Generated by org.testng.reporters.JUnitReportReporter -->
<testsuite hostname="TYSS-Basavaraj" failures="0" tests="1" name="com.comcast.crm.contacttest.CreateContactTest" time="28.665" errors="0" timestamp="2024-05-23T09:55:30 IST" skipped="0">
  <testcase classname="com.comcast.crm.contacttest.CreateContactTest" name="createContact" time="28.665"/>
  <system-out>
    <![CDATA[Connect to DB
Launch Browser
Launch Browser
Login to App
Login to App
Logout from app
Logout from app
Close Browser
Close Browser
Close DB connection]]>
  </system-out>
</testsuite> <!-- com.comcast.crm.contacttest.CreateContactTest -->
