<<<<<<< HEAD
<?xml version="1.0" encoding="UTF-8"?>
<!-- Generated by org.testng.reporters.JUnitReportReporter -->
<testsuite hostname="TYSS-Basavaraj" failures="0" tests="1" name="com.comcast.crm.orgtest.CreateOrgWithPhoneNumberTest" time="51.459" errors="0" timestamp="2024-05-10T10:08:45 IST" skipped="0">
  <testcase classname="com.comcast.crm.orgtest.CreateOrgWithPhoneNumberTest" name="createOrgWithPhoneNumber" time="51.459"/>
</testsuite> <!-- com.comcast.crm.orgtest.CreateOrgWithPhoneNumberTest -->
=======
<?xml version="1.0" encoding="UTF-8"?>
<!-- Generated by org.testng.reporters.JUnitReportReporter -->
<testsuite hostname="TYSS-Basavaraj" failures="0" tests="1" name="com.comcast.crm.orgtest.CreateOrgWithPhoneNumberTest" time="51.459" errors="0" timestamp="2024-05-10T10:08:45 IST" skipped="0">
  <testcase classname="com.comcast.crm.orgtest.CreateOrgWithPhoneNumberTest" name="createOrgWithPhoneNumber" time="51.459"/>
</testsuite> <!-- com.comcast.crm.orgtest.CreateOrgWithPhoneNumberTest -->
>>>>>>> branch 'master' of https://github.com/Basavaraj-A-Patil/ComcastFrameworkRepository
