<?xml version="1.0" encoding="UTF-8"?>
<!-- Generated by org.testng.reporters.JUnitReportReporter -->
<testsuite hostname="TYSS-Basavaraj" failures="0" tests="1" name="practice.test.GitTest" time="0.007" errors="0" timestamp="2024-05-22T18:12:01 IST" skipped="0">
  <testcase classname="practice.test.GitTest" name="gitTest" time="0.007"/>
</testsuite> <!-- practice.test.GitTest -->
