<?xml version="1.0" encoding="UTF-8"?>
<!-- Generated by org.testng.reporters.JUnitReportReporter -->
<testsuite hostname="TYSS-Basavaraj" failures="0" tests="3" name="practice.test.DataProviderPracticeTest" time="0.011" errors="0" timestamp="2024-05-17T18:53:39 IST" skipped="0">
  <testcase classname="practice.test.DataProviderPracticeTest" name="dataProviderTest" time="0.007"/>
  <testcase classname="practice.test.DataProviderPracticeTest" name="dataProviderTest" time="0.002"/>
  <testcase classname="practice.test.DataProviderPracticeTest" name="dataProviderTest" time="0.002"/>
</testsuite> <!-- practice.test.DataProviderPracticeTest -->
